xPack Open On-Chip Debugger 0.12.0+dev-02228-ge5888bda3-dirty (2025-10-04-22:42)
Licensed under GNU GPL v2
For bug reports, read
	http://openocd.org/doc/doxygen/bugs.html
Warn : DEPRECATED: auto-selecting transport "swd (dapdirect)". Use 'transport select swd' to suppress this message.
Info : STLINK V3J15M7 (API v3) VID:PID 0483:3754
Info : Target voltage: 3.268085
Info : clock speed 1000 kHz
Info : SWD DPIDR 0x0bb11477
Info : [stm32f0x.cpu] Cortex-M0 r0p0 processor detected
Info : [stm32f0x.cpu] target has 4 breakpoints, 2 watchpoints
Info : [stm32f0x.cpu] Examination succeed
Info : [stm32f0x.cpu] starting gdb server on 3333
Info : Listening on port 3333 for gdb connections
[stm32f0x.cpu] halted due to debug-request, current mode: Handler HardFault
xPSR: 0xc1000003 pc: 0xfffffffe msp: 0xfffffffc
Info : device id = 0x20006440
Info : flash size = 64 KiB
Error: Fail reading CTRL/STAT register. Force reconnect
Error: Fail reading CTRL/STAT register. Force reconnect
Error: Failed to read memory and, additionally, failed to find out where
Error: failed to get read pointer
Error: Fail reading CTRL/STAT register. Force reconnect
Error: Fail reading CTRL/STAT register. Force reconnect
Error: Failed to write memory and, additionally, failed to find out where
Error: Fail reading CTRL/STAT register. Force reconnect
Warn : [stm32f0x.cpu] target was in unknown state when halt was requested
Error: Fail reading CTRL/STAT register. Force reconnect
Error: error waiting for target flash write algorithm
Error: Fail reading CTRL/STAT register. Force reconnect
Error: Fail reading CTRL/STAT register. Force reconnect
Error: Failed to write memory and, additionally, failed to find out where
Error: Fail reading CTRL/STAT register. Force reconnect
Error: [stm32f0x.cpu] Polling failed, trying to reexamine
Error: Fail reading CTRL/STAT register. Force reconnect
Error: [stm32f0x.cpu] Examination failed
Error: [stm32f0x.cpu] Examination failed, GDB will be halted. Polling again in 100ms
Error: Error closing APs
